%!Adobe-FontList 1.23
%Locale:0x407

%BeginFont
Handler:DirectoryHandler
FontType:TrueType
FontName:Caveat-Regular
FamilyName:Caveat
StyleName:Regular
FullName:Caveat Regular
MenuName:Caveat
FamilyPrefix:CaveatRoman
StyleBits:0
WritingScript:Roman
OutlineFileName:C:\Users\hause\OneDrive\Dokumente\Theresa\1. Semester\EIA\EIA1_Wintersemester_22-23\Portfolio\Font\Caveat\Caveat-VariableFont_wght.ttf
DataFormat:sfntData
hasSVG:no
VariableFontType:TrueTypeVariableFont
FileLength:391068
FileModTime:1668038728
WeightClass:400
WidthClass:5
AngleClass:0
NameArray:0,Win,1,Caveat
%EndFont

%BeginFont
Handler:DirectoryHandler
FontType:Invalid
OutlineFileName:C:\Users\hause\OneDrive\Dokumente\Theresa\1. Semester\EIA\EIA1_Wintersemester_22-23\Portfolio\Font\Caveat\OFL.txt
FileModTime:1668038728
%EndFont

%BeginFont
Handler:DirectoryHandler
FontType:Invalid
OutlineFileName:C:\Users\hause\OneDrive\Dokumente\Theresa\1. Semester\EIA\EIA1_Wintersemester_22-23\Portfolio\Font\Caveat\README.txt
FileModTime:1668038728
%EndFont

%BeginFont
Handler:DirectoryHandler
FontType:TrueType
FontName:Caveat-Bold
FamilyName:Caveat
StyleName:Bold
FullName:Caveat Bold
MenuName:Caveat
StyleBits:2
WritingScript:Roman
OutlineFileName:C:\Users\hause\OneDrive\Dokumente\Theresa\1. Semester\EIA\EIA1_Wintersemester_22-23\Portfolio\Font\Caveat\static\Caveat-Bold.ttf
DataFormat:sfntData
hasSVG:no
VariableFontType:NonVariableFont
FileLength:257240
FileModTime:1668038728
WeightClass:700
WidthClass:5
AngleClass:0
NameArray:0,Win,1,Caveat
%EndFont

%BeginFont
Handler:DirectoryHandler
FontType:TrueType
FontName:Caveat-Medium
FamilyName:Caveat
StyleName:Medium
FullName:Caveat Medium
MenuName:Caveat Medium
StyleBits:0
WritingScript:Roman
OutlineFileName:C:\Users\hause\OneDrive\Dokumente\Theresa\1. Semester\EIA\EIA1_Wintersemester_22-23\Portfolio\Font\Caveat\static\Caveat-Medium.ttf
DataFormat:sfntData
hasSVG:no
VariableFontType:NonVariableFont
FileLength:257752
FileModTime:1668038728
WeightClass:500
WidthClass:5
AngleClass:0
NameArray:0,Win,1,Caveat Medium
NameArray:0,Win,16,Caveat
%EndFont

%BeginFont
Handler:DirectoryHandler
FontType:TrueType
FontName:Caveat-Regular
FamilyName:Caveat
StyleName:Regular
FullName:Caveat Regular
MenuName:Caveat
StyleBits:0
WritingScript:Roman
OutlineFileName:C:\Users\hause\OneDrive\Dokumente\Theresa\1. Semester\EIA\EIA1_Wintersemester_22-23\Portfolio\Font\Caveat\static\Caveat-Regular.ttf
DataFormat:sfntData
hasSVG:no
VariableFontType:NonVariableFont
FileLength:256900
FileModTime:1668038728
WeightClass:400
WidthClass:5
AngleClass:0
NameArray:0,Win,1,Caveat
%EndFont

%BeginFont
Handler:DirectoryHandler
FontType:TrueType
FontName:Caveat-SemiBold
FamilyName:Caveat
StyleName:SemiBold
FullName:Caveat SemiBold
MenuName:Caveat SemiBold
StyleBits:0
WritingScript:Roman
OutlineFileName:C:\Users\hause\OneDrive\Dokumente\Theresa\1. Semester\EIA\EIA1_Wintersemester_22-23\Portfolio\Font\Caveat\static\Caveat-SemiBold.ttf
DataFormat:sfntData
hasSVG:no
VariableFontType:NonVariableFont
FileLength:257836
FileModTime:1668038728
WeightClass:600
WidthClass:5
AngleClass:0
NameArray:0,Win,1,Caveat SemiBold
NameArray:0,Win,16,Caveat
%EndFont

